;TLL Score: -100
(make_sandwich_no_gluten sandw4 bread4 content4)
(put_on_tray sandw4 tray2 kitchen1)
(move_tray tray2 kitchen1 table2)
(serve_sandwich_no_gluten sandw4 child1 tray2 table2)
(make_sandwich_no_gluten sandw3 bread2 content2)
(put_on_tray sandw3 tray1 kitchen1)
(move_tray tray1 kitchen1 table2)
(serve_sandwich_no_gluten sandw3 child4 tray1 table2)
(move_tray tray2 table2 kitchen1)
(make_sandwich sandw1 bread3 content3)
(put_on_tray sandw1 tray2 kitchen1)
(move_tray tray2 kitchen1 table1)
(move_tray tray1 table2 kitchen1)
(serve_sandwich sandw1 child2 tray2 table1)
(make_sandwich sandw2 bread1 content1)
(put_on_tray sandw2 tray1 kitchen1)
(move_tray tray1 kitchen1 table1)
(serve_sandwich sandw2 child3 tray1 table1)
; cost = 18 (unit cost)
